C:\Program Files (x86)\Microsoft Visual Studio\2019\Community\MSBuild\Microsoft\VC\v160\Microsoft.CppBuild.targets(495,5): warning MSB8003: The WindowsSDKDir property is not defined. Some build tools may not be found.
  Apple.cpp
C:\Program Files (x86)\Microsoft Visual Studio\2019\Community\VC\Tools\MSVC\14.29.30133\include\yvals.h(12,10): fatal error C1083: Cannot open include file: 'crtdbg.h': No such file or directory
  Collider.cpp
  Color.cpp
C:\Users\teemu\Documents\GitHub\API-Design\New_ClaudiusBase_Snake\New_ClaudiusBase_Snake\External\SDL2\include\SDL_stdinc.h(50,12): fatal error C1083: Cannot open include file: 'stddef.h': No such file or directory
  Game.cpp
C:\Program Files (x86)\Microsoft Visual Studio\2019\Community\VC\Tools\MSVC\14.29.30133\include\yvals.h(12,10): fatal error C1083: Cannot open include file: 'crtdbg.h': No such file or directory
  Image.cpp
  main.cpp
C:\Users\teemu\Documents\GitHub\API-Design\New_ClaudiusBase_Snake\New_ClaudiusBase_Snake\External\SDL2\include\SDL_stdinc.h(50,12): fatal error C1083: Cannot open include file: 'stddef.h': No such file or directory
  Player.cpp
C:\Users\teemu\Documents\GitHub\API-Design\New_ClaudiusBase_Snake\New_ClaudiusBase_Snake\External\SDL2\include\SDL_stdinc.h(50,12): fatal error C1083: Cannot open include file: 'stddef.h': No such file or directory
  Rectangle.cpp
  Sprite.cpp
C:\Users\teemu\Documents\GitHub\API-Design\New_ClaudiusBase_Snake\New_ClaudiusBase_Snake\External\SDL2\include\SDL_stdinc.h(50,12): fatal error C1083: Cannot open include file: 'stddef.h': No such file or directory
  Transform.cpp
C:\Program Files (x86)\Microsoft Visual Studio\2019\Community\VC\Tools\MSVC\14.29.30133\include\yvals.h(12,10): fatal error C1083: Cannot open include file: 'crtdbg.h': No such file or directory
  Vector2.cpp
C:\Program Files (x86)\Microsoft Visual Studio\2019\Community\VC\Tools\MSVC\14.29.30133\include\yvals.h(12,10): fatal error C1083: Cannot open include file: 'crtdbg.h': No such file or directory
  Running Code Analysis for C/C++...
  Generating Code...
